2023-06-04T08:29:53.119-05:00  INFO 12256 --- [restartedMain] c.e.capestonev2.CapestoneV2Application   : Starting CapestoneV2Application using Java 19.0.1 with PID 12256 (C:\Users\Owner\IdeaProjects\CapestoneV2\build\classes\java\main started by Owner in C:\Users\Owner\IdeaProjects\CapestoneV2)
2023-06-04T08:29:53.131-05:00  INFO 12256 --- [restartedMain] c.e.capestonev2.CapestoneV2Application   : No active profile set, falling back to 1 default profile: "default"
2023-06-04T08:29:53.233-05:00  INFO 12256 --- [restartedMain] .e.DevToolsPropertyDefaultsPostProcessor : Devtools property defaults active! Set 'spring.devtools.add-properties' to 'false' to disable
2023-06-04T08:29:53.233-05:00  INFO 12256 --- [restartedMain] .e.DevToolsPropertyDefaultsPostProcessor : For additional web related logging consider setting the 'logging.level.web' property to 'DEBUG'
2023-06-04T08:29:54.627-05:00  INFO 12256 --- [restartedMain] o.s.b.w.embedded.tomcat.TomcatWebServer  : Tomcat initialized with port(s): 8080 (http)
2023-06-04T08:29:54.646-05:00  INFO 12256 --- [restartedMain] o.apache.catalina.core.StandardService   : Starting service [Tomcat]
2023-06-04T08:29:54.646-05:00  INFO 12256 --- [restartedMain] o.apache.catalina.core.StandardEngine    : Starting Servlet engine: [Apache Tomcat/10.1.8]
2023-06-04T08:29:54.888-05:00  INFO 12256 --- [restartedMain] o.a.c.c.C.[Tomcat].[localhost].[/]       : Initializing Spring embedded WebApplicationContext
2023-06-04T08:29:54.889-05:00  INFO 12256 --- [restartedMain] w.s.c.ServletWebServerApplicationContext : Root WebApplicationContext: initialization completed in 1607 ms
2023-06-04T08:29:55.215-05:00  INFO 12256 --- [restartedMain] o.s.b.a.w.s.WelcomePageHandlerMapping    : Adding welcome page template: index
2023-06-04T08:29:55.481-05:00  INFO 12256 --- [restartedMain] o.s.b.d.a.OptionalLiveReloadServer       : LiveReload server is running on port 35729
2023-06-04T08:29:55.540-05:00  INFO 12256 --- [restartedMain] o.s.b.w.embedded.tomcat.TomcatWebServer  : Tomcat started on port(s): 8080 (http) with context path ''
2023-06-04T08:29:55.555-05:00  INFO 12256 --- [restartedMain] c.e.capestonev2.CapestoneV2Application   : Started CapestoneV2Application in 3.147 seconds (process running for 4.256)
2023-06-04T08:30:15.542-05:00  INFO 12256 --- [http-nio-8080-exec-1] o.a.c.c.C.[Tomcat].[localhost].[/]       : Initializing Spring DispatcherServlet 'dispatcherServlet'
2023-06-04T08:30:15.543-05:00  INFO 12256 --- [http-nio-8080-exec-1] o.s.web.servlet.DispatcherServlet        : Initializing Servlet 'dispatcherServlet'
2023-06-04T08:30:15.544-05:00  INFO 12256 --- [http-nio-8080-exec-1] o.s.web.servlet.DispatcherServlet        : Completed initialization in 1 ms
2023-06-04T21:07:59.910-05:00  INFO 18944 --- [restartedMain] c.e.capestonev2.CapestoneV2Application   : Starting CapestoneV2Application using Java 19.0.1 with PID 18944 (C:\Users\Owner\IdeaProjects\CapestoneV2\build\classes\java\main started by Owner in C:\Users\Owner\IdeaProjects\CapestoneV2)
2023-06-04T21:07:59.914-05:00  INFO 18944 --- [restartedMain] c.e.capestonev2.CapestoneV2Application   : No active profile set, falling back to 1 default profile: "default"
2023-06-04T21:07:59.980-05:00  INFO 18944 --- [restartedMain] .e.DevToolsPropertyDefaultsPostProcessor : Devtools property defaults active! Set 'spring.devtools.add-properties' to 'false' to disable
2023-06-04T21:07:59.980-05:00  INFO 18944 --- [restartedMain] .e.DevToolsPropertyDefaultsPostProcessor : For additional web related logging consider setting the 'logging.level.web' property to 'DEBUG'
2023-06-04T21:08:01.692-05:00  INFO 18944 --- [restartedMain] o.s.b.w.embedded.tomcat.TomcatWebServer  : Tomcat initialized with port(s): 8080 (http)
2023-06-04T21:08:01.706-05:00  INFO 18944 --- [restartedMain] o.apache.catalina.core.StandardService   : Starting service [Tomcat]
2023-06-04T21:08:01.706-05:00  INFO 18944 --- [restartedMain] o.apache.catalina.core.StandardEngine    : Starting Servlet engine: [Apache Tomcat/10.1.8]
2023-06-04T21:08:01.838-05:00  INFO 18944 --- [restartedMain] o.a.c.c.C.[Tomcat].[localhost].[/]       : Initializing Spring embedded WebApplicationContext
2023-06-04T21:08:01.839-05:00  INFO 18944 --- [restartedMain] w.s.c.ServletWebServerApplicationContext : Root WebApplicationContext: initialization completed in 1857 ms
2023-06-04T21:08:02.224-05:00  INFO 18944 --- [restartedMain] o.s.b.a.w.s.WelcomePageHandlerMapping    : Adding welcome page template: index
2023-06-04T21:08:02.507-05:00  INFO 18944 --- [restartedMain] o.s.b.d.a.OptionalLiveReloadServer       : LiveReload server is running on port 35729
2023-06-04T21:08:02.548-05:00  INFO 18944 --- [restartedMain] o.s.b.w.embedded.tomcat.TomcatWebServer  : Tomcat started on port(s): 8080 (http) with context path ''
2023-06-04T21:08:02.558-05:00  INFO 18944 --- [restartedMain] c.e.capestonev2.CapestoneV2Application   : Started CapestoneV2Application in 3.443 seconds (process running for 5.303)
2023-06-04T21:08:07.140-05:00  INFO 18944 --- [http-nio-8080-exec-1] o.a.c.c.C.[Tomcat].[localhost].[/]       : Initializing Spring DispatcherServlet 'dispatcherServlet'
2023-06-04T21:08:07.140-05:00  INFO 18944 --- [http-nio-8080-exec-1] o.s.web.servlet.DispatcherServlet        : Initializing Servlet 'dispatcherServlet'
2023-06-04T21:08:07.142-05:00  INFO 18944 --- [http-nio-8080-exec-1] o.s.web.servlet.DispatcherServlet        : Completed initialization in 2 ms
